<?xml version="1.0" encoding="UTF-8"?>
<!-- Generated by org.testng.reporters.JUnitXMLReporter -->
<testsuite hostname="DESKTOP-6CPCAFM" ignored="0" name="Test" tests="10" failures="0" timestamp="2020-04-01T10:13:01 MDT" time="65.712" errors="0">
  <testcase name="Mytest1" time="10.761" classname="com.techinfuse.test.New1Test"/>
  <testcase name="Mytest2" time="3.145" classname="com.techinfuse.test.New1Test"/>
  <testcase name="Mytest" time="0.003" classname="com.techinfuse.test.New1Test"/>
  <testcase name="mytest2" time="0.002" classname="com.techinfuse.test.MytestNgTest"/>
  <testcase name="mytest3" time="4.795" classname="com.techinfuse.test.MytestNgTest"/>
  <testcase name="mytest1" time="0.005" classname="com.techinfuse.test.MytestNgTest"/>
  <testcase name="mytest4" time="3.537" classname="com.techinfuse.test.MytestNgTest"/>
  <testcase name="Mytest2" time="4.484" classname="memeberlogin.LoginTest2"/>
  <testcase name="Mytest" time="0.002" classname="memeberlogin.LoginTest2"/>
  <testcase name="Mytest1" time="17.32" classname="memeberlogin.LoginTest2"/>
</testsuite> <!-- Test -->
